2024-01-31 19:36:54,279{GMT}	INFO	[jepsen test runner] jepsen.core: Command line:
lein run test -w broadcast --bin /Users/ysakiyev/GolandProjects/bin/broadcast --node-count 1 --time-limit 20 --rate 10
2024-01-31 19:36:54,322{GMT}	INFO	[jepsen test runner] jepsen.core: Running test:
{:args []
 :remote
 #jepsen.control.retry.Remote{:remote #jepsen.control.scp.Remote{:cmd-remote #jepsen.control.sshj.SSHJRemote{:concurrency-limit 6,
                                                                                                             :conn-spec nil,
                                                                                                             :client nil,
                                                                                                             :semaphore nil},
                                                                 :conn-spec nil},
                              :conn nil}
 :log-net-send false
 :node-count 1
 :availability nil
 :max-txn-length 4
 :concurrency 1
 :db
 #object[maelstrom.db$db$reify__16142
         "0x3c634a04"
         "maelstrom.db$db$reify__16142@3c634a04"]
 :max-writes-per-key 16
 :leave-db-running? false
 :name "broadcast"
 :logging-json? false
 :start-time
 #object[org.joda.time.DateTime "0x10c26161" "2024-01-31T19:36:54.258-07:00"]
 :nemesis-interval 10
 :net
 #object[maelstrom.net$jepsen_net$reify__15251
         "0x1ef6977b"
         "maelstrom.net$jepsen_net$reify__15251@1ef6977b"]
 :client
 #object[maelstrom.workload.broadcast$client$reify__16644
         "0x674cd2da"
         "maelstrom.workload.broadcast$client$reify__16644@674cd2da"]
 :barrier
 #object[java.util.concurrent.CyclicBarrier
         "0x686279e0"
         "java.util.concurrent.CyclicBarrier@686279e0"]
 :log-stderr false
 :pure-generators true
 :ssh {:dummy? true}
 :rate 10.0
 :checker
 #object[jepsen.checker$compose$reify__11881
         "0x6b28d4e4"
         "jepsen.checker$compose$reify__11881@6b28d4e4"]
 :argv
 ("test"
  "-w"
  "broadcast"
  "--bin"
  "/Users/ysakiyev/GolandProjects/bin/broadcast"
  "--node-count"
  "1"
  "--time-limit"
  "20"
  "--rate"
  "10")
 :nemesis
 (jepsen.nemesis.ReflCompose
  {:fm {:start-partition 0,
        :stop-partition 0,
        :kill 1,
        :start 1,
        :pause 1,
        :resume 1},
   :nemeses [#unprintable "jepsen.nemesis.combined$partition_nemesis$reify__16416@41cfcbb5"
             #unprintable "jepsen.nemesis.combined$db_nemesis$reify__16397@40941b54"]})
 :nodes ["n0"]
 :test-count 1
 :latency {:mean 0, :dist :constant}
 :bin "/Users/ysakiyev/GolandProjects/bin/broadcast"
 :generator
 ((jepsen.generator.Synchronize
   {:gen (jepsen.generator.TimeLimit
          {:limit 20000000000,
           :cutoff nil,
           :gen (jepsen.generator.Any
                 {:gens [(jepsen.generator.OnThreads
                          {:f #{:nemesis},
                           :context-filter #object[jepsen.generator.context$make_thread_filter$lazy_filter__9167
                                                   "0xd15f98a"
                                                   "jepsen.generator.context$make_thread_filter$lazy_filter__9167@d15f98a"],
                           :gen nil})
                         (jepsen.generator.OnThreads
                          {:f #jepsen.generator.context.AllBut{:element :nemesis},
                           :context-filter #object[jepsen.generator.context$make_thread_filter$lazy_filter__9167
                                                   "0x704c3ca2"
                                                   "jepsen.generator.context$make_thread_filter$lazy_filter__9167@704c3ca2"],
                           :gen (jepsen.generator.Stagger
                                 {:dt 200000000,
                                  :next-time nil,
                                  :gen (jepsen.generator.Mix
                                        {:i 0,
                                         :gens [({:f :broadcast, :value 0}
                                                 {:f :broadcast, :value 1}
                                                 {:f :broadcast, :value 2}
                                                 {:f :broadcast, :value 3}
                                                 {:f :broadcast, :value 4}
                                                 {:f :broadcast, :value 5}
                                                 {:f :broadcast, :value 6}
                                                 {:f :broadcast, :value 7}
                                                 ...)
                                                ({:f :read}
                                                 {:f :read}
                                                 {:f :read}
                                                 {:f :read}
                                                 {:f :read}
                                                 {:f :read}
                                                 {:f :read}
                                                 {:f :read}
                                                 ...)]})})})]})})})
  (jepsen.generator.Synchronize
   {:gen (jepsen.generator.OnThreads
          {:f #{:nemesis},
           :context-filter #object[jepsen.generator.context$make_thread_filter$lazy_filter__9167
                                   "0x2a2f7a61"
                                   "jepsen.generator.context$make_thread_filter$lazy_filter__9167@2a2f7a61"],
           :gen ()})})
  (jepsen.generator.Synchronize
   {:gen {:type :log, :value "Waiting for recovery..."}})
  (jepsen.generator.Synchronize {:gen {:type :sleep, :value 10}})
  (jepsen.generator.Synchronize
   {:gen (jepsen.generator.OnThreads
          {:f #jepsen.generator.context.AllBut{:element :nemesis},
           :context-filter #object[jepsen.generator.context$make_thread_filter$lazy_filter__9167
                                   "0x8d40f07"
                                   "jepsen.generator.context$make_thread_filter$lazy_filter__9167@8d40f07"],
           :gen (jepsen.generator.EachThread
                 {:fresh-gen {:f :read, :final? true},
                  :context-filters #object[clojure.core$promise$reify__8591
                                           "0x196c8b93"
                                           {:status :pending, :val nil}],
                  :gens {}})})}))
 :log-net-recv false
 :os
 #object[maelstrom.net$jepsen_os$reify__15254
         "0x307ca947"
         "maelstrom.net$jepsen_os$reify__15254@307ca947"]
 :time-limit 20
 :workload :broadcast
 :consistency-models [:strict-serializable]
 :topology :grid}

2024-01-31 19:36:55,291{GMT}	INFO	[jepsen node n0] maelstrom.net: Starting Maelstrom network
2024-01-31 19:36:55,292{GMT}	INFO	[jepsen test runner] jepsen.db: Tearing down DB
2024-01-31 19:36:55,293{GMT}	INFO	[jepsen test runner] jepsen.db: Setting up DB
2024-01-31 19:36:55,294{GMT}	INFO	[jepsen node n0] maelstrom.service: Starting services: (lin-kv lin-tso lww-kv seq-kv)
2024-01-31 19:36:55,295{GMT}	INFO	[jepsen node n0] maelstrom.db: Setting up n0
2024-01-31 19:36:55,295{GMT}	INFO	[jepsen node n0] maelstrom.process: launching /Users/ysakiyev/GolandProjects/bin/broadcast []
2024-01-31 19:36:55,521{GMT}	INFO	[jepsen test runner] jepsen.core: Relative time begins now
2024-01-31 19:36:55,534{GMT}	INFO	[jepsen worker 0] jepsen.util: 0	:invoke	:broadcast	0
2024-01-31 19:37:00,540{GMT}	INFO	[jepsen worker 0] jepsen.util: 0	:info	:broadcast	0	:net-timeout
2024-01-31 19:37:00,541{GMT}	INFO	[jepsen worker 0] jepsen.util: 1	:invoke	:read	nil
2024-01-31 19:37:05,546{GMT}	INFO	[jepsen worker 0] jepsen.util: 1	:fail	:read	nil	:net-timeout
2024-01-31 19:37:05,546{GMT}	INFO	[jepsen worker 0] jepsen.util: 1	:invoke	:read	nil
2024-01-31 19:37:10,551{GMT}	INFO	[jepsen worker 0] jepsen.util: 1	:fail	:read	nil	:net-timeout
2024-01-31 19:37:10,552{GMT}	INFO	[jepsen worker 0] jepsen.util: 1	:invoke	:broadcast	1
2024-01-31 19:37:15,553{GMT}	INFO	[jepsen worker 0] jepsen.util: 1	:info	:broadcast	1	:net-timeout
2024-01-31 19:37:15,553{GMT}	INFO	[jepsen worker 0] jepsen.generator.interpreter: Waiting for recovery...
2024-01-31 19:37:25,554{GMT}	INFO	[jepsen worker 0] jepsen.util: 2	:invoke	:read	nil
2024-01-31 19:37:30,560{GMT}	INFO	[jepsen worker 0] jepsen.util: 2	:fail	:read	nil	:net-timeout
2024-01-31 19:37:30,586{GMT}	INFO	[jepsen test runner] jepsen.core: Run complete, writing
2024-01-31 19:37:30,649{GMT}	INFO	[jepsen node n0] maelstrom.db: Tearing down n0
2024-01-31 19:37:31,589{GMT}	INFO	[jepsen node n0] maelstrom.net: Shutting down Maelstrom network
2024-01-31 19:37:31,591{GMT}	WARN	[jepsen test runner] jepsen.core: Test crashed!
clojure.lang.ExceptionInfo: Node n0 crashed with exit status 2. Before crashing, it wrote to STDOUT:

{"src":"n0","dest":"c0","body":{"in_reply_to":1,"type":"init_ok"}}
{"src":"n0","dest":"c1","body":{"in_reply_to":1,"msg_id":1,"type":"topology_ok"}}

And to STDERR:

2024/01/31 19:36:55 Received {c0 n0 {"type":"init","node_id":"n0","node_ids":["n0"],"msg_id":1}}
2024/01/31 19:36:55 Node n0 initialized
2024/01/31 19:36:55 Sent {"src":"n0","dest":"c0","body":{"in_reply_to":1,"type":"init_ok"}}
2024/01/31 19:36:55 Received {c1 n0 {"type":"topology","topology":{"n0":[]},"msg_id":1}}
2024/01/31 19:36:55 Sent {"src":"n0","dest":"c1","body":{"in_reply_to":1,"msg_id":1,"type":"topology_ok"}}
2024/01/31 19:36:55 Received {c2 n0 {"type":"broadcast","message":0,"msg_id":1}}
panic: interface conversion: interface {} is float64, not int

goroutine 33 [running]:
main.main.func2({{0x14000184390, 0x2}, {0x14000184392, 0x2}, {0x140001a4060, 0x2b, 0x30}})
	/Users/ysakiyev/fly-io/broadcast/main.go:38 +0x2b8
github.com/jepsen-io/maelstrom/demo/go.(*Node).handleMessage(0x0?, 0x0?, {{0x14000184390, 0x2}, {0x14000184392, 0x2}, {0x140001a4060, 0x2b, 0x30}})
	/Users/ysakiyev/GolandProjects/pkg/mod/github.com/jepsen-io/maelstrom/demo/go@v0.0.0-20231231190402-2674df7c1076/node.go:151 +0x6c
github.com/jepsen-io/maelstrom/demo/go.(*Node).Run.func2()
	/Users/ysakiyev/GolandProjects/pkg/mod/github.com/jepsen-io/maelstrom/demo/go@v0.0.0-20231231190402-2674df7c1076/node.go:129 +0x78
created by github.com/jepsen-io/maelstrom/demo/go.(*Node).Run
	/Users/ysakiyev/GolandProjects/pkg/mod/github.com/jepsen-io/maelstrom/demo/go@v0.0.0-20231231190402-2674df7c1076/node.go:127 +0x44c

Full STDERR logs are available in /Users/ysakiyev/fly-io/broadcast/store/broadcast/20240131T193654.258-0700/node-logs/n0.log
	at slingshot.support$stack_trace.invoke(support.clj:201)
	at maelstrom.process$stop_node_BANG_.invokeStatic(process.clj:239)
	at maelstrom.process$stop_node_BANG_.invoke(process.clj:217)
	at maelstrom.db$db$reify__16142.teardown_BANG_(db.clj:75)
	at jepsen.db$fn__8744$G__8725__8748.invoke(db.clj:12)
	at jepsen.db$fn__8744$G__8724__8753.invoke(db.clj:12)
	at clojure.core$partial$fn__5908.invoke(core.clj:2642)
	at jepsen.control$on_nodes$fn__8599.invoke(control.clj:314)
	at clojure.lang.AFn.applyToHelper(AFn.java:154)
	at clojure.lang.AFn.applyTo(AFn.java:144)
	at clojure.core$apply.invokeStatic(core.clj:667)
	at clojure.core$with_bindings_STAR_.invokeStatic(core.clj:1990)
	at clojure.core$with_bindings_STAR_.doInvoke(core.clj:1990)
	at clojure.lang.RestFn.applyTo(RestFn.java:142)
	at clojure.core$apply.invokeStatic(core.clj:671)
	at clojure.core$bound_fn_STAR_$fn__5818.doInvoke(core.clj:2020)
	at clojure.lang.RestFn.invoke(RestFn.java:408)
	at dom_top.core$real_pmap_helper$build_thread__211$fn__212.invoke(core.clj:163)
	at clojure.lang.AFn.applyToHelper(AFn.java:152)
	at clojure.lang.AFn.applyTo(AFn.java:144)
	at clojure.core$apply.invokeStatic(core.clj:667)
	at clojure.core$with_bindings_STAR_.invokeStatic(core.clj:1990)
	at clojure.core$with_bindings_STAR_.doInvoke(core.clj:1990)
	at clojure.lang.RestFn.invoke(RestFn.java:425)
	at clojure.lang.AFn.applyToHelper(AFn.java:156)
	at clojure.lang.RestFn.applyTo(RestFn.java:132)
	at clojure.core$apply.invokeStatic(core.clj:671)
	at clojure.core$bound_fn_STAR_$fn__5818.doInvoke(core.clj:2020)
	at clojure.lang.RestFn.invoke(RestFn.java:397)
	at clojure.lang.AFn.run(AFn.java:22)
	at java.base/java.lang.Thread.run(Thread.java:833)
